<?xml version="1.0" encoding="UTF-8"?>
<coverage generated="1742064997110" clover="3.2.0">
  <project timestamp="1742064997110" name="All files">
    <metrics statements="27" coveredstatements="27" conditionals="9" coveredconditionals="9" methods="7" coveredmethods="7" elements="43" coveredelements="43" complexity="0" loc="27" ncloc="27" packages="2" files="2" classes="2"/>
    <package name="order-management-api">
      <metrics statements="8" coveredstatements="8" conditionals="2" coveredconditionals="2" methods="1" coveredmethods="1"/>
      <file name="index.js" path="C:\Users\Mr_Bush\Documents\GitHub\testing_implementation_repo\frontend\order-management-api\index.js">
        <metrics statements="8" coveredstatements="8" conditionals="2" coveredconditionals="2" methods="1" coveredmethods="1"/>
        <line num="1" count="1" type="stmt"/>
        <line num="2" count="1" type="stmt"/>
        <line num="3" count="1" type="stmt"/>
        <line num="5" count="1" type="stmt"/>
        <line num="6" count="1" type="stmt"/>
        <line num="8" count="1" type="cond" truecount="2" falsecount="0"/>
        <line num="9" count="1" type="stmt"/>
        <line num="11" count="1" type="stmt"/>
      </file>
    </package>
    <package name="order-management-api.routes">
      <metrics statements="19" coveredstatements="19" conditionals="7" coveredconditionals="7" methods="6" coveredmethods="6"/>
      <file name="orders.js" path="C:\Users\Mr_Bush\Documents\GitHub\testing_implementation_repo\frontend\order-management-api\routes\orders.js">
        <metrics statements="19" coveredstatements="19" conditionals="7" coveredconditionals="7" methods="6" coveredmethods="6"/>
        <line num="1" count="1" type="stmt"/>
        <line num="2" count="1" type="stmt"/>
        <line num="4" count="1" type="stmt"/>
        <line num="7" count="1" type="stmt"/>
        <line num="8" count="2" type="stmt"/>
        <line num="9" count="2" type="cond" truecount="5" falsecount="0"/>
        <line num="10" count="1" type="stmt"/>
        <line num="12" count="1" type="stmt"/>
        <line num="13" count="1" type="stmt"/>
        <line num="17" count="1" type="stmt"/>
        <line num="18" count="1" type="stmt"/>
        <line num="22" count="1" type="stmt"/>
        <line num="23" count="2" type="stmt"/>
        <line num="24" count="2" type="cond" truecount="2" falsecount="0"/>
        <line num="25" count="1" type="stmt"/>
        <line num="29" count="1" type="stmt"/>
        <line num="30" count="1" type="stmt"/>
        <line num="31" count="1" type="stmt"/>
        <line num="34" count="1" type="stmt"/>
      </file>
    </package>
  </project>
</coverage>
